<?xml version="1.0" encoding="UTF-8"?>
<!-- Generated by org.testng.reporters.JUnitReportReporter -->
<testsuite hostname="DESKTOP-6BBM3AJ" failures="0" tests="1" name="demo.TrelloAPI" time="4.177" errors="0" timestamp="2023-05-17T10:32:32 IST" skipped="0">
  <testcase classname="demo.TrelloAPI" name="CreateBoard" time="4.177"/>
  <system-out/>
</testsuite> <!-- demo.TrelloAPI -->
